{"C:\\Projects\\CatTube_educational\\client\\components\\authInput\\AuthInput.js": {"path":"C:\\Projects\\CatTube_educational\\client\\components\\authInput\\AuthInput.js","statementMap":{"0":{"start":{"line":5,"column":14},"end":{"line":5,"column":88}},"1":{"start":{"line":5,"column":34},"end":{"line":5,"column":88}},"2":{"start":{"line":9,"column":8},"end":{"line":9,"column":21}},"3":{"start":{"line":10,"column":8},"end":{"line":12,"column":10}},"4":{"start":{"line":27,"column":12},"end":{"line":27,"column":22}},"5":{"start":{"line":28,"column":8},"end":{"line":45,"column":10}},"6":{"start":{"line":37,"column":38},"end":{"line":37,"column":55}},"7":{"start":{"line":39,"column":24},"end":{"line":39,"column":62}},"8":{"start":{"line":49,"column":0},"end":{"line":60,"column":2}},"9":{"start":{"line":62,"column":0},"end":{"line":70,"column":2}},"10":{"start":{"line":69,"column":22},"end":{"line":69,"column":26}}},"fnMap":{"0":{"name":"(anonymous_0)","decl":{"start":{"line":5,"column":14},"end":{"line":5,"column":15}},"loc":{"start":{"line":5,"column":34},"end":{"line":5,"column":88}},"line":5},"1":{"name":"(anonymous_1)","decl":{"start":{"line":8,"column":4},"end":{"line":8,"column":5}},"loc":{"start":{"line":8,"column":23},"end":{"line":13,"column":5}},"line":8},"2":{"name":"(anonymous_2)","decl":{"start":{"line":15,"column":4},"end":{"line":15,"column":5}},"loc":{"start":{"line":15,"column":13},"end":{"line":46,"column":5}},"line":15},"3":{"name":"(anonymous_3)","decl":{"start":{"line":37,"column":25},"end":{"line":37,"column":26}},"loc":{"start":{"line":37,"column":36},"end":{"line":37,"column":57}},"line":37},"4":{"name":"(anonymous_4)","decl":{"start":{"line":38,"column":30},"end":{"line":38,"column":31}},"loc":{"start":{"line":38,"column":41},"end":{"line":40,"column":21}},"line":38},"5":{"name":"(anonymous_5)","decl":{"start":{"line":69,"column":16},"end":{"line":69,"column":17}},"loc":{"start":{"line":69,"column":22},"end":{"line":69,"column":26}},"line":69}},"branchMap":{"0":{"loc":{"start":{"line":5,"column":50},"end":{"line":5,"column":66}},"type":"binary-expr","locations":[{"start":{"line":5,"column":50},"end":{"line":5,"column":58}},{"start":{"line":5,"column":62},"end":{"line":5,"column":66}}],"line":5},"1":{"loc":{"start":{"line":31,"column":31},"end":{"line":31,"column":77}},"type":"cond-expr","locations":[{"start":{"line":31,"column":51},"end":{"line":31,"column":60}},{"start":{"line":31,"column":63},"end":{"line":31,"column":77}}],"line":31},"2":{"loc":{"start":{"line":32,"column":26},"end":{"line":32,"column":40}},"type":"binary-expr","locations":[{"start":{"line":32,"column":26},"end":{"line":32,"column":30}},{"start":{"line":32,"column":34},"end":{"line":32,"column":40}}],"line":32},"3":{"loc":{"start":{"line":42,"column":17},"end":{"line":42,"column":46}},"type":"binary-expr","locations":[{"start":{"line":42,"column":17},"end":{"line":42,"column":20}},{"start":{"line":42,"column":24},"end":{"line":42,"column":46}}],"line":42}},"s":{"0":1,"1":1,"2":1,"3":1,"4":1,"5":1,"6":1,"7":1000,"8":1,"9":1,"10":0},"f":{"0":1,"1":1,"2":1,"3":1,"4":1000,"5":0},"b":{"0":[1,0],"1":[0,1],"2":[1,0],"3":[1,1]},"_coverageSchema":"332fd63041d2c1bcb487cc26dd0d5f7d97098a6c","hash":"26e621675b9e376428c15fdb33d34abd2651bdc2"}
,"C:\\Projects\\CatTube_educational\\client\\configs\\jestsetup.js": {"path":"C:\\Projects\\CatTube_educational\\client\\configs\\jestsetup.js","statementMap":{"0":{"start":{"line":5,"column":0},"end":{"line":5,"column":38}},"1":{"start":{"line":7,"column":0},"end":{"line":7,"column":45}},"2":{"start":{"line":9,"column":0},"end":{"line":11,"column":2}},"3":{"start":{"line":10,"column":4},"end":{"line":10,"column":28}},"4":{"start":{"line":12,"column":0},"end":{"line":12,"column":25}},"5":{"start":{"line":13,"column":0},"end":{"line":13,"column":23}},"6":{"start":{"line":14,"column":0},"end":{"line":14,"column":21}},"7":{"start":{"line":15,"column":0},"end":{"line":15,"column":21}},"8":{"start":{"line":20,"column":0},"end":{"line":22,"column":2}},"9":{"start":{"line":21,"column":3},"end":{"line":21,"column":28}}},"fnMap":{"0":{"name":"(anonymous_0)","decl":{"start":{"line":9,"column":31},"end":{"line":9,"column":32}},"loc":{"start":{"line":9,"column":45},"end":{"line":11,"column":1}},"line":9},"1":{"name":"(anonymous_1)","decl":{"start":{"line":20,"column":16},"end":{"line":20,"column":17}},"loc":{"start":{"line":20,"column":29},"end":{"line":22,"column":1}},"line":20}},"branchMap":{},"s":{"0":1,"1":1,"2":1,"3":0,"4":1,"5":1,"6":1,"7":1,"8":1,"9":0},"f":{"0":0,"1":0},"b":{},"_coverageSchema":"332fd63041d2c1bcb487cc26dd0d5f7d97098a6c","hash":"95d2f98108326829d09d623220085053bdb139aa"}
}
