TN:
SF:C:\Projects\CatTube_educational\client\components\authInput\AuthInput.js
FN:5,(anonymous_0)
FN:8,(anonymous_1)
FN:15,(anonymous_2)
FN:37,(anonymous_3)
FN:38,(anonymous_4)
FN:69,(anonymous_5)
FNF:6
FNH:5
FNDA:1,(anonymous_0)
FNDA:1,(anonymous_1)
FNDA:1,(anonymous_2)
FNDA:1,(anonymous_3)
FNDA:1000,(anonymous_4)
FNDA:0,(anonymous_5)
DA:5,1
DA:9,1
DA:10,1
DA:27,1
DA:28,1
DA:37,1
DA:39,1000
DA:49,1
DA:62,1
DA:69,0
LF:10
LH:9
BRDA:5,0,0,1
BRDA:5,0,1,0
BRDA:31,1,0,0
BRDA:31,1,1,1
BRDA:32,2,0,1
BRDA:32,2,1,0
BRDA:42,3,0,1
BRDA:42,3,1,1
BRF:8
BRH:5
end_of_record
TN:
SF:C:\Projects\CatTube_educational\client\configs\jestsetup.js
FN:9,(anonymous_0)
FN:20,(anonymous_1)
FNF:2
FNH:0
FNDA:0,(anonymous_0)
FNDA:0,(anonymous_1)
DA:5,1
DA:7,1
DA:9,1
DA:10,0
DA:12,1
DA:13,1
DA:14,1
DA:15,1
DA:20,1
DA:21,0
LF:10
LH:8
BRF:0
BRH:0
end_of_record
